<?xml version="1.0" encoding="UTF-8"?>
<!-- Generated by org.testng.reporters.JUnitReportReporter -->
<testsuite hostname="HP" name="com.tcs.C" tests="2" failures="0" timestamp="7 Jan 2023 05:36:56 GMT" time="213.533" errors="0">
  <testcase name="test13" time="122.866" classname="com.tcs.C"/>
  <testcase name="test13" time="90.667" classname="com.tcs.C"/>
</testsuite> <!-- com.tcs.C -->
