<?xml version="1.0" encoding="UTF-8"?>
<!-- Generated by org.testng.reporters.JUnitReportReporter -->
<testsuite hostname="HP" name="com.tcs.A" tests="2" failures="0" timestamp="8 Jan 2023 03:42:22 GMT" time="0.014" errors="0">
  <testcase name="test2" time="0.009" classname="com.tcs.A"/>
  <testcase name="test3" time="0.005" classname="com.tcs.A"/>
</testsuite> <!-- com.tcs.A -->
